<?xml version="1.0" encoding="UTF-8"?>
<!-- Generated by org.testng.reporters.JUnitReportReporter -->
<testsuite skipped="0" hostname="DESKTOP-AJ20V9D" name="Org.Amsys.Admin_Login" tests="1" failures="0" timestamp="18 Sep 2022 11:41:00 GMT" time="13.191" errors="0">
  <testcase name="Validlogin" time="13.191" classname="Org.Amsys.Admin_Login"/>
</testsuite> <!-- Org.Amsys.Admin_Login -->
